<?xml version="1.0" encoding="UTF-8"?>
<!-- Generated by org.testng.reporters.JUnitReportReporter -->
<testsuite hostname="LAPTOP-1HFOI5V8" failures="0" tests="2" name="tests.TestNgTestClass" time="33.994" errors="0" timestamp="2022-02-10T15:35:43 IST" skipped="0">
  <testcase classname="tests.TestNgTestClass" name="checkTextOfLoginButton" time="3.450"/>
  <system-out/>
  <testcase classname="tests.TestNgTestClass" name="loginIntoFacebook" time="30.544"/>
  <system-out/>
</testsuite> <!-- tests.TestNgTestClass -->
